library(tidyverse)
library(dplyr)
library(ggplot2)

#Court Plotting Function Reference DomSamangy
circle_points = function(center = c(0, 0), radius = 1, npoints = 360) {
  angles = seq(0, 2 * pi, length.out = npoints)
  return(data_frame(x = center[1] + radius * cos(angles),
                    y = center[2] + radius * sin(angles)))
}

width = 50
height = 94 / 2
key_height = 19
inner_key_width = 12
outer_key_width = 16
backboard_width = 6
backboard_offset = 4
neck_length = 0.5
hoop_radius = 0.75
hoop_center_y = backboard_offset + neck_length + hoop_radius
three_point_radius = 23.75
three_point_side_radius = 22
three_point_side_height = 14

court_themes = list(
  light = list(
    court = 'floralwhite',
    lines = 'black',
    text = '#222222',
    made = '#00bfc4',
    missed = '#f8766d',
    hex_border_size = 1,
    hex_border_color = "#000000"
  ),
  dark = list(
    court = '#000004',
    lines = '#999999',
    text = '#f0f0f0',
    made = '#00bfc4',
    missed = '#f8766d',
    hex_border_size = 0,
    hex_border_color = "#000000"
  ),
  ppt = list(
    court = 'gray15',
    lines = 'white',
    text = '#f0f0f0',
    made = '#00bfc4',
    missed = '#f8766d',
    hex_border_size = 0,
    hex_border_color = "gray15"
),
  white = list(
    court = 'white',
    lines = 'black',
    text = 'black',
    made = '#00bfc4',
    missed = '#f8766d',
    hex_border_size = 0,
    hex_border_color = "gray15"
)
)


plot_court = function(court_theme = court_themes$light, use_short_three = FALSE) {
  if (use_short_three) {
    three_point_radius = 22
    three_point_side_height = 0
  }
  
  court_points = data_frame(
    x = c(width / 2, width / 2, -width / 2, -width / 2, width / 2),
    y = c(height, 0, 0, height, height),
    desc = "perimeter"
  )
  
  court_points = bind_rows(court_points , data_frame(
    x = c(outer_key_width / 2, outer_key_width / 2, -outer_key_width / 2, -outer_key_width / 2),
    y = c(0, key_height, key_height, 0),
    desc = "outer_key"
  ))
  
  court_points = bind_rows(court_points , data_frame(
    x = c(-backboard_width / 2, backboard_width / 2),
    y = c(backboard_offset, backboard_offset),
    desc = "backboard"
  ))
  
  court_points = bind_rows(court_points , data_frame(
    x = c(0, 0), y = c(backboard_offset, backboard_offset + neck_length), desc = "neck"
  ))
  
  foul_circle = circle_points(center = c(0, key_height), radius = inner_key_width / 2)
  
  foul_circle_top = filter(foul_circle, y > key_height) %>%
    mutate(desc = "foul_circle_top")
  
  foul_circle_bottom = filter(foul_circle, y < key_height) %>%
    mutate(
      angle = atan((y - key_height) / x) * 180 / pi,
      angle_group = floor((angle - 5.625) / 11.25),
      desc = paste0("foul_circle_bottom_", angle_group)
    ) %>%
    filter(angle_group %% 2 == 0) %>%
    select(x, y, desc)
  
  hoop = circle_points(center = c(0, hoop_center_y), radius = hoop_radius) %>%
    mutate(desc = "hoop")
  
  restricted = circle_points(center = c(0, hoop_center_y), radius = 4) %>%
    filter(y >= hoop_center_y) %>%
    mutate(desc = "restricted")
  
  three_point_circle = circle_points(center = c(0, hoop_center_y), radius = three_point_radius) %>%
    filter(y >= three_point_side_height, y >= hoop_center_y)
  
  three_point_line = data_frame(
    x = c(three_point_side_radius, three_point_side_radius, three_point_circle$x, -three_point_side_radius, -three_point_side_radius),
    y = c(0, three_point_side_height, three_point_circle$y, three_point_side_height, 0),
    desc = "three_point_line"
  )
  
  court_points = bind_rows(
    court_points,
    foul_circle_top,
    foul_circle_bottom,
    hoop,
    restricted,
    three_point_line
  )
  
  
  court_points <- court_points
  
  ggplot() +
    geom_path(
      data = court_points,
      aes(x = x, y = y, group = desc),
      color = court_theme$lines
    ) +
    coord_fixed(ylim = c(0, 45), xlim = c(-25, 25)) +
    theme_minimal(base_size = 22) +
    theme(
      text = element_text(color = court_theme$text),
      plot.background = element_rect(fill = 'gray15', color = 'gray15'),
      panel.background = element_rect(fill = court_theme$court, color = court_theme$court),
      panel.grid = element_blank(),
      panel.border = element_blank(),
      axis.text = element_blank(),
      axis.title = element_blank(),
      axis.ticks = element_blank(),
      legend.background = element_rect(fill = court_theme$court, color = court_theme$court),
      legend.margin = margin(-1, 0, 0, 0, unit = "lines"),
      legend.position = "bottom",
      legend.key = element_blank(),
      legend.text = element_text(size = rel(1.0))
    )
}

shots_data <- read.csv("NBA_2004_2024_Shots/NBA_2004_2024_Shots.csv")

#change the SEASON_1 part to plot different year graph
shots <- shots_data %>%
    filter(SEASON_1 == "2004") %>%
    group_by(LOC_X = round(LOC_X, 1), LOC_Y = round(LOC_Y, 1)) %>%
    summarise(shot_count = n()) %>%
    arrange(desc(shot_count)) %>%
    head(5000)
	
#plot graph reference DomSamangy
plot_court(court_themes$white, use_short_three = F) +
    # ---- plot shot "points" with x & y locations
    geom_point(data = shots, aes(x = LOC_X, y = LOC_Y), 
               size =3, shape = 21, stroke = .5) +
    # ----
	scale_x_continuous(limits = c(-27.5, 27.5)) +
    scale_y_continuous(limits = c(0, 45)) +
    # ---- Add title and subtitle (manual!)
    labs(
        title = "Top 5000 Shots 2003-2004 Season"
    ) +
    # ---- Theme options for manipulating the look of the plot
    theme(
        legend.direction = "horizontal",
        legend.title = element_blank(),
        legend.text = element_text(hjust = .5, size = 7, colour = "black"),
        legend.background = element_rect(fill = "white", colour = "white"),
        legend.box.background = element_rect(fill = "white", colour = "white"),
        legend.key = element_rect(fill = "white", colour = "white"),
        legend.margin = margin(t = -.5, unit='cm'),
        legend.box.margin=margin(-15,0,15,0),
        #
        plot.background = element_rect(fill="white", color = "white"),
        panel.background = element_rect(fill="white", color = "white"),
        #
        plot.title = element_text(hjust = 0.5, size = 22, vjust = -9, colour = "black"),
        plot.subtitle = element_text(hjust = 0.5, size = 12, vjust = -15, colour = "black"), 
        plot.margin = margin(0, 0, .5, 0, "cm"),
    ) 